<?xml version="1.0" encoding="UTF-8"?>
<!-- Generated by org.testng.reporters.JUnitXMLReporter -->
<testsuite ignored="0" hostname="NAVS-NOTEBOOK" failures="0" tests="7" name="Test" time="42.711" errors="0" timestamp="2024-03-02T11:33:10 IST">
  <testcase classname="testCases.Tc_001_AccountRegistrationPage" name="test_account_registration" time="3.548"/>
  <testcase classname="testCases.Tc_002_logintest" name="logintest" time="1.599"/>
  <testcase classname="testCases.Tc_003_loginDDT" name="test_loginddt" time="2.327"/>
  <testcase classname="testCases.Tc_003_loginDDT" name="test_loginddt" time="1.533"/>
  <testcase classname="testCases.Tc_003_loginDDT" name="test_loginddt" time="1.606"/>
  <testcase classname="testCases.Tc_003_loginDDT" name="test_loginddt" time="11.062"/>
  <testcase classname="testCases.Tc_003_loginDDT" name="test_loginddt" time="1.697"/>
</testsuite> <!-- Test -->
