<?xml version="1.0" encoding="UTF-8"?>
<!-- Generated by org.testng.reporters.JUnitXMLReporter -->
<testsuite ignored="1" hostname="NAVS-NOTEBOOK" failures="2" tests="2" name="Test" time="0.097" errors="0" timestamp="2024-02-28T11:45:15 IST">
  <testcase classname="testCases.Tc_001_AccountRegistrationPage" name="test_account_registration" time="0.007">
    <failure type="java.lang.NullPointerException" message="Cannot invoke &amp;quot;org.apache.logging.log4j.Logger.info(String)&amp;quot; because &amp;quot;this.logger&amp;quot; is null">
      <![CDATA[java.lang.NullPointerException: Cannot invoke "org.apache.logging.log4j.Logger.info(String)" because "this.logger" is null
at testCases.Tc_001_AccountRegistrationPage.test_account_registration(Tc_001_AccountRegistrationPage.java:15)
at java.base/java.util.ArrayList.forEach(ArrayList.java:1511)
... Removed 27 stack frames]]>
    </failure>
  </testcase> <!-- test_account_registration -->
  <testcase classname="testCases.Tc_002_logintest" name="logintest" time="0.04">
    <failure type="java.lang.AssertionError" message="expected [true] but found [false]">
      <![CDATA[java.lang.AssertionError: expected [true] but found [false]
at testCases.Tc_002_logintest.logintest(Tc_002_logintest.java:34)
at java.base/java.util.ArrayList.forEach(ArrayList.java:1511)
... Removed 31 stack frames]]>
    </failure>
  </testcase> <!-- logintest -->
  <testcase classname="testCases.Tc_003_loginDDT" name="test_loginddt" time="0.0">
    <ignored/>
  </testcase> <!-- test_loginddt -->
</testsuite> <!-- Test -->
