<?xml version="1.0" encoding="UTF-8"?>
<!-- Generated by org.testng.reporters.JUnitXMLReporter -->
<testsuite ignored="0" hostname="NAVS-NOTEBOOK" failures="0" tests="7" name="Test" time="36.692" errors="0" timestamp="2024-03-02T11:35:29 IST">
  <testcase classname="testCases.Tc_001_AccountRegistrationPage" name="test_account_registration" time="1.745"/>
  <testcase classname="testCases.Tc_002_logintest" name="logintest" time="1.219"/>
  <testcase classname="testCases.Tc_003_loginDDT" name="test_loginddt" time="1.561"/>
  <testcase classname="testCases.Tc_003_loginDDT" name="test_loginddt" time="1.143"/>
  <testcase classname="testCases.Tc_003_loginDDT" name="test_loginddt" time="1.021"/>
  <testcase classname="testCases.Tc_003_loginDDT" name="test_loginddt" time="10.684"/>
  <testcase classname="testCases.Tc_003_loginDDT" name="test_loginddt" time="1.03"/>
</testsuite> <!-- Test -->
