<?xml version="1.0" encoding="UTF-8"?>
<testng-results ignored="0" total="1" passed="1" failed="0" skipped="0">
  <reporter-output>
  </reporter-output>
  <suite started-at="2024-02-29T10:34:01 IST" name="Suite" finished-at="2024-02-29T10:34:34 IST" duration-ms="32871">
    <groups>
      <group name="regression">
        <method signature="Tc_001_AccountRegistrationPage.test_account_registration()[pri:0, instance:testCases.Tc_001_AccountRegistrationPage@56620197]" name="test_account_registration" class="testCases.Tc_001_AccountRegistrationPage"/>
      </group> <!-- regression -->
      <group name="master">
        <method signature="Tc_001_AccountRegistrationPage.test_account_registration()[pri:0, instance:testCases.Tc_001_AccountRegistrationPage@56620197]" name="test_account_registration" class="testCases.Tc_001_AccountRegistrationPage"/>
      </group> <!-- master -->
    </groups>
    <test started-at="2024-02-29T10:34:01 IST" name="Test" finished-at="2024-02-29T10:34:34 IST" duration-ms="32871">
      <class name="testCases.Tc_001_AccountRegistrationPage">
        <test-method is-config="true" signature="setup(java.lang.String)[pri:0, instance:testCases.Tc_001_AccountRegistrationPage@56620197]" started-at="2024-02-29T10:34:02 IST" name="setup" finished-at="2024-02-29T10:34:20 IST" duration-ms="18106" status="PASS">
          <params>
            <param index="0">
              <value>
                <![CDATA[edge]]>
              </value>
            </param>
          </params>
          <reporter-output>
          </reporter-output>
        </test-method> <!-- setup -->
        <test-method signature="test_account_registration()[pri:0, instance:testCases.Tc_001_AccountRegistrationPage@56620197]" started-at="2024-02-29T10:34:20 IST" name="test_account_registration" finished-at="2024-02-29T10:34:33 IST" duration-ms="12884" status="PASS">
          <reporter-output>
          </reporter-output>
        </test-method> <!-- test_account_registration -->
        <test-method is-config="true" signature="teardown()[pri:0, instance:testCases.Tc_001_AccountRegistrationPage@56620197]" started-at="2024-02-29T10:34:33 IST" name="teardown" finished-at="2024-02-29T10:34:34 IST" duration-ms="1575" status="PASS">
          <reporter-output>
          </reporter-output>
        </test-method> <!-- teardown -->
      </class> <!-- testCases.Tc_001_AccountRegistrationPage -->
    </test> <!-- Test -->
  </suite> <!-- Suite -->
</testng-results>
