<?xml version="1.0" encoding="UTF-8"?>
<testng-results ignored="0" total="7" passed="7" failed="0" skipped="0">
  <reporter-output>
  </reporter-output>
  <suite started-at="2024-03-02T11:32:27 IST" name="Suite" finished-at="2024-03-02T11:33:09 IST" duration-ms="42711">
    <groups>
      <group name="regression">
        <method signature="Tc_001_AccountRegistrationPage.test_account_registration()[pri:0, instance:testCases.Tc_001_AccountRegistrationPage@3590fc5b]" name="test_account_registration" class="testCases.Tc_001_AccountRegistrationPage"/>
      </group> <!-- regression -->
      <group name="sanity">
        <method signature="Tc_002_logintest.logintest()[pri:0, instance:testCases.Tc_002_logintest@618b19ad]" name="logintest" class="testCases.Tc_002_logintest"/>
      </group> <!-- sanity -->
      <group name="master">
        <method signature="Tc_001_AccountRegistrationPage.test_account_registration()[pri:0, instance:testCases.Tc_001_AccountRegistrationPage@3590fc5b]" name="test_account_registration" class="testCases.Tc_001_AccountRegistrationPage"/>
        <method signature="Tc_002_logintest.logintest()[pri:0, instance:testCases.Tc_002_logintest@618b19ad]" name="logintest" class="testCases.Tc_002_logintest"/>
      </group> <!-- master -->
    </groups>
    <test started-at="2024-03-02T11:32:27 IST" name="Test" finished-at="2024-03-02T11:33:09 IST" duration-ms="42711">
      <class name="testCases.Tc_002_logintest">
        <test-method is-config="true" signature="setup(java.lang.String)[pri:0, instance:testCases.Tc_002_logintest@618b19ad]" started-at="2024-03-02T11:32:37 IST" name="setup" finished-at="2024-03-02T11:32:41 IST" duration-ms="3921" status="PASS">
          <params>
            <param index="0">
              <value>
                <![CDATA[edge]]>
              </value>
            </param>
          </params>
          <reporter-output>
          </reporter-output>
        </test-method> <!-- setup -->
        <test-method signature="logintest()[pri:0, instance:testCases.Tc_002_logintest@618b19ad]" started-at="2024-03-02T11:32:41 IST" name="logintest" finished-at="2024-03-02T11:32:42 IST" duration-ms="1599" status="PASS">
          <reporter-output>
          </reporter-output>
        </test-method> <!-- logintest -->
        <test-method is-config="true" signature="teardown()[pri:0, instance:testCases.Tc_002_logintest@618b19ad]" started-at="2024-03-02T11:32:42 IST" name="teardown" finished-at="2024-03-02T11:32:44 IST" duration-ms="1387" status="PASS">
          <reporter-output>
          </reporter-output>
        </test-method> <!-- teardown -->
      </class> <!-- testCases.Tc_002_logintest -->
      <class name="testCases.Tc_001_AccountRegistrationPage">
        <test-method is-config="true" signature="setup(java.lang.String)[pri:0, instance:testCases.Tc_001_AccountRegistrationPage@3590fc5b]" started-at="2024-03-02T11:32:27 IST" name="setup" finished-at="2024-03-02T11:32:32 IST" duration-ms="4706" status="PASS">
          <params>
            <param index="0">
              <value>
                <![CDATA[edge]]>
              </value>
            </param>
          </params>
          <reporter-output>
          </reporter-output>
        </test-method> <!-- setup -->
        <test-method signature="test_account_registration()[pri:0, instance:testCases.Tc_001_AccountRegistrationPage@3590fc5b]" started-at="2024-03-02T11:32:32 IST" name="test_account_registration" finished-at="2024-03-02T11:32:35 IST" duration-ms="3548" status="PASS">
          <reporter-output>
          </reporter-output>
        </test-method> <!-- test_account_registration -->
        <test-method is-config="true" signature="teardown()[pri:0, instance:testCases.Tc_001_AccountRegistrationPage@3590fc5b]" started-at="2024-03-02T11:32:35 IST" name="teardown" finished-at="2024-03-02T11:32:37 IST" duration-ms="1415" status="PASS">
          <reporter-output>
          </reporter-output>
        </test-method> <!-- teardown -->
      </class> <!-- testCases.Tc_001_AccountRegistrationPage -->
      <class name="testCases.Tc_003_loginDDT">
        <test-method is-config="true" signature="setup(java.lang.String)[pri:0, instance:testCases.Tc_003_loginDDT@2d3379b4]" started-at="2024-03-02T11:32:44 IST" name="setup" finished-at="2024-03-02T11:32:48 IST" duration-ms="4063" status="PASS">
          <params>
            <param index="0">
              <value>
                <![CDATA[edge]]>
              </value>
            </param>
          </params>
          <reporter-output>
          </reporter-output>
        </test-method> <!-- setup -->
        <test-method signature="test_loginddt(java.lang.String,java.lang.String,java.lang.String)[pri:0, instance:testCases.Tc_003_loginDDT@2d3379b4]" started-at="2024-03-02T11:32:50 IST" name="test_loginddt" data-provider="LoginData" finished-at="2024-03-02T11:32:52 IST" duration-ms="2327" status="PASS">
          <params>
            <param index="0">
              <value>
                <![CDATA[akhilsadineni99@gmail.com]]>
              </value>
            </param>
            <param index="1">
              <value>
                <![CDATA[akhil@123S]]>
              </value>
            </param>
            <param index="2">
              <value>
                <![CDATA[Valid]]>
              </value>
            </param>
          </params>
          <reporter-output>
          </reporter-output>
        </test-method> <!-- test_loginddt -->
        <test-method signature="test_loginddt(java.lang.String,java.lang.String,java.lang.String)[pri:0, instance:testCases.Tc_003_loginDDT@2d3379b4]" started-at="2024-03-02T11:32:52 IST" name="test_loginddt" data-provider="LoginData" finished-at="2024-03-02T11:32:54 IST" duration-ms="1533" status="PASS">
          <params>
            <param index="0">
              <value>
                <![CDATA[lakshmi@yahoo.com]]>
              </value>
            </param>
            <param index="1">
              <value>
                <![CDATA[Laxmi]]>
              </value>
            </param>
            <param index="2">
              <value>
                <![CDATA[Valid]]>
              </value>
            </param>
          </params>
          <reporter-output>
          </reporter-output>
        </test-method> <!-- test_loginddt -->
        <test-method signature="test_loginddt(java.lang.String,java.lang.String,java.lang.String)[pri:0, instance:testCases.Tc_003_loginDDT@2d3379b4]" started-at="2024-03-02T11:32:54 IST" name="test_loginddt" data-provider="LoginData" finished-at="2024-03-02T11:32:55 IST" duration-ms="1606" status="PASS">
          <params>
            <param index="0">
              <value>
                <![CDATA[laksh@yahoo.com]]>
              </value>
            </param>
            <param index="1">
              <value>
                <![CDATA[Lakshmi]]>
              </value>
            </param>
            <param index="2">
              <value>
                <![CDATA[Valid]]>
              </value>
            </param>
          </params>
          <reporter-output>
          </reporter-output>
        </test-method> <!-- test_loginddt -->
        <test-method signature="test_loginddt(java.lang.String,java.lang.String,java.lang.String)[pri:0, instance:testCases.Tc_003_loginDDT@2d3379b4]" started-at="2024-03-02T11:32:55 IST" name="test_loginddt" data-provider="LoginData" finished-at="2024-03-02T11:33:06 IST" duration-ms="11062" status="PASS">
          <params>
            <param index="0">
              <value>
                <![CDATA[laks@yahoo.com]]>
              </value>
            </param>
            <param index="1">
              <value>
                <![CDATA[xyz]]>
              </value>
            </param>
            <param index="2">
              <value>
                <![CDATA[Invalid]]>
              </value>
            </param>
          </params>
          <reporter-output>
          </reporter-output>
        </test-method> <!-- test_loginddt -->
        <test-method signature="test_loginddt(java.lang.String,java.lang.String,java.lang.String)[pri:0, instance:testCases.Tc_003_loginDDT@2d3379b4]" started-at="2024-03-02T11:33:06 IST" name="test_loginddt" data-provider="LoginData" finished-at="2024-03-02T11:33:08 IST" duration-ms="1697" status="PASS">
          <params>
            <param index="0">
              <value>
                <![CDATA[abc123@gmail.com]]>
              </value>
            </param>
            <param index="1">
              <value>
                <![CDATA[test@123]]>
              </value>
            </param>
            <param index="2">
              <value>
                <![CDATA[Valid]]>
              </value>
            </param>
          </params>
          <reporter-output>
          </reporter-output>
        </test-method> <!-- test_loginddt -->
        <test-method is-config="true" signature="teardown()[pri:0, instance:testCases.Tc_003_loginDDT@2d3379b4]" started-at="2024-03-02T11:33:08 IST" name="teardown" finished-at="2024-03-02T11:33:09 IST" duration-ms="1343" status="PASS">
          <reporter-output>
          </reporter-output>
        </test-method> <!-- teardown -->
      </class> <!-- testCases.Tc_003_loginDDT -->
    </test> <!-- Test -->
  </suite> <!-- Suite -->
</testng-results>
